[error] Failed to fetch Firebase Project from Studio Workspace because WORKSPACE_SLUG environment variable is empty
[error] Failed to fetch Firebase Project from Studio Workspace because WORKSPACE_SLUG environment variable is empty
[error] Failed to fetch Firebase Project from Studio Workspace because WORKSPACE_SLUG environment variable is empty
[error] Failed to fetch Firebase Project from Studio Workspace because WORKSPACE_SLUG environment variable is empty
[debug] [2026-02-19T23:47:34.214Z] > command requires scopes: ["email","openid","https://www.googleapis.com/auth/cloudplatformprojects.readonly","https://www.googleapis.com/auth/firebase","https://www.googleapis.com/auth/cloud-platform","https://www.googleapis.com/auth/userinfo.email"]
[debug] [2026-02-19T23:47:34.216Z] > authorizing via signed-in user (lhycpa77@gmail.com)
[debug] [2026-02-19T23:47:34.217Z] Checked if tokens are valid: true, expires at: 1771548381886
[debug] [2026-02-19T23:47:34.218Z] Checked if tokens are valid: true, expires at: 1771548381886
[debug] [2026-02-19T23:47:34.219Z] > command requires scopes: ["email","openid","https://www.googleapis.com/auth/cloudplatformprojects.readonly","https://www.googleapis.com/auth/firebase","https://www.googleapis.com/auth/cloud-platform","https://www.googleapis.com/auth/userinfo.email"]
[debug] [2026-02-19T23:47:34.219Z] > authorizing via signed-in user (lhycpa77@gmail.com)
[debug] [2026-02-19T23:47:34.219Z] Checked if tokens are valid: true, expires at: 1771548381886
[debug] [2026-02-19T23:47:34.220Z] Checked if tokens are valid: true, expires at: 1771548381886
[debug] [2026-02-19T23:47:34.221Z] >>> [apiv2][query] GET https://cloudbilling.googleapis.com/v1/projects/kpopvoting/billingInfo [none]
[debug] [2026-02-19T23:47:34.225Z] >>> [apiv2][query] GET https://cloudbilling.googleapis.com/v1/projects/kpopvoting/billingInfo [none]
[debug] [2026-02-19T23:47:35.322Z] <<< [apiv2][status] GET https://cloudbilling.googleapis.com/v1/projects/kpopvoting/billingInfo 200
[debug] [2026-02-19T23:47:35.323Z] <<< [apiv2][body] GET https://cloudbilling.googleapis.com/v1/projects/kpopvoting/billingInfo {"name":"projects/kpopvoting/billingInfo","projectId":"kpopvoting","billingAccountName":"","billingEnabled":false}
[debug] [2026-02-19T23:47:35.337Z] Checked if tokens are valid: true, expires at: 1771548381886
[debug] [2026-02-19T23:47:35.337Z] Checked if tokens are valid: true, expires at: 1771548381886
[debug] [2026-02-19T23:47:35.338Z] Checked if tokens are valid: true, expires at: 1771548381886
[debug] [2026-02-19T23:47:35.338Z] Checked if tokens are valid: true, expires at: 1771548381886
[debug] [2026-02-19T23:47:35.339Z] Checked if tokens are valid: true, expires at: 1771548381886
[debug] [2026-02-19T23:47:35.339Z] Checked if tokens are valid: true, expires at: 1771548381886
[debug] [2026-02-19T23:47:35.363Z] Checked if tokens are valid: true, expires at: 1771548381886
[debug] [2026-02-19T23:47:35.363Z] Checked if tokens are valid: true, expires at: 1771548381886
[debug] [2026-02-19T23:47:35.363Z] Checked if tokens are valid: true, expires at: 1771548381886
[debug] [2026-02-19T23:47:35.364Z] Checked if tokens are valid: true, expires at: 1771548381886
[debug] [2026-02-19T23:47:35.364Z] >>> [apiv2][query] GET https://serviceusage.googleapis.com/v1/projects/kpopvoting/services/firestore.googleapis.com [none]
[debug] [2026-02-19T23:47:35.364Z] >>> [apiv2][(partial)header] GET https://serviceusage.googleapis.com/v1/projects/kpopvoting/services/firestore.googleapis.com  x-goog-user-project=kpopvoting
[debug] [2026-02-19T23:47:35.367Z] >>> [apiv2][query] GET https://serviceusage.googleapis.com/v1/projects/kpopvoting/services/firebasedataconnect.googleapis.com [none]
[debug] [2026-02-19T23:47:35.367Z] >>> [apiv2][(partial)header] GET https://serviceusage.googleapis.com/v1/projects/kpopvoting/services/firebasedataconnect.googleapis.com  x-goog-user-project=kpopvoting
[debug] [2026-02-19T23:47:35.370Z] >>> [apiv2][query] GET https://serviceusage.googleapis.com/v1/projects/kpopvoting/services/cloudfunctions.googleapis.com [none]
[debug] [2026-02-19T23:47:35.370Z] >>> [apiv2][(partial)header] GET https://serviceusage.googleapis.com/v1/projects/kpopvoting/services/cloudfunctions.googleapis.com  x-goog-user-project=kpopvoting
[debug] [2026-02-19T23:47:35.372Z] >>> [apiv2][query] GET https://serviceusage.googleapis.com/v1/projects/kpopvoting/services/firebaseapphosting.googleapis.com [none]
[debug] [2026-02-19T23:47:35.373Z] >>> [apiv2][(partial)header] GET https://serviceusage.googleapis.com/v1/projects/kpopvoting/services/firebaseapphosting.googleapis.com  x-goog-user-project=kpopvoting
[debug] [2026-02-19T23:47:35.374Z] >>> [apiv2][query] GET https://serviceusage.googleapis.com/v1/projects/kpopvoting/services/firebaseio.com [none]
[debug] [2026-02-19T23:47:35.375Z] >>> [apiv2][(partial)header] GET https://serviceusage.googleapis.com/v1/projects/kpopvoting/services/firebaseio.com  x-goog-user-project=kpopvoting
[debug] [2026-02-19T23:47:35.423Z] <<< [apiv2][status] GET https://cloudbilling.googleapis.com/v1/projects/kpopvoting/billingInfo 200
[debug] [2026-02-19T23:47:35.423Z] <<< [apiv2][body] GET https://cloudbilling.googleapis.com/v1/projects/kpopvoting/billingInfo {"name":"projects/kpopvoting/billingInfo","projectId":"kpopvoting","billingAccountName":"","billingEnabled":false}
[debug] [2026-02-19T23:47:35.425Z] Checked if tokens are valid: true, expires at: 1771548381886
[debug] [2026-02-19T23:47:35.427Z] Checked if tokens are valid: true, expires at: 1771548381886
[debug] [2026-02-19T23:47:35.427Z] Checked if tokens are valid: true, expires at: 1771548381886
[debug] [2026-02-19T23:47:35.428Z] Checked if tokens are valid: true, expires at: 1771548381886
[debug] [2026-02-19T23:47:35.428Z] Checked if tokens are valid: true, expires at: 1771548381886
[debug] [2026-02-19T23:47:35.428Z] Checked if tokens are valid: true, expires at: 1771548381886
[debug] [2026-02-19T23:47:35.451Z] Checked if tokens are valid: true, expires at: 1771548381886
[debug] [2026-02-19T23:47:35.453Z] Checked if tokens are valid: true, expires at: 1771548381886
[debug] [2026-02-19T23:47:35.454Z] Checked if tokens are valid: true, expires at: 1771548381886
[debug] [2026-02-19T23:47:35.454Z] Checked if tokens are valid: true, expires at: 1771548381886
[debug] [2026-02-19T23:47:35.454Z] >>> [apiv2][query] GET https://serviceusage.googleapis.com/v1/projects/kpopvoting/services/firestore.googleapis.com [none]
[debug] [2026-02-19T23:47:35.454Z] >>> [apiv2][(partial)header] GET https://serviceusage.googleapis.com/v1/projects/kpopvoting/services/firestore.googleapis.com  x-goog-user-project=kpopvoting
[debug] [2026-02-19T23:47:35.457Z] >>> [apiv2][query] GET https://serviceusage.googleapis.com/v1/projects/kpopvoting/services/firebasedataconnect.googleapis.com [none]
[debug] [2026-02-19T23:47:35.457Z] >>> [apiv2][(partial)header] GET https://serviceusage.googleapis.com/v1/projects/kpopvoting/services/firebasedataconnect.googleapis.com  x-goog-user-project=kpopvoting
[debug] [2026-02-19T23:47:35.461Z] >>> [apiv2][query] GET https://serviceusage.googleapis.com/v1/projects/kpopvoting/services/cloudfunctions.googleapis.com [none]
[debug] [2026-02-19T23:47:35.461Z] >>> [apiv2][(partial)header] GET https://serviceusage.googleapis.com/v1/projects/kpopvoting/services/cloudfunctions.googleapis.com  x-goog-user-project=kpopvoting
[debug] [2026-02-19T23:47:35.463Z] >>> [apiv2][query] GET https://serviceusage.googleapis.com/v1/projects/kpopvoting/services/firebaseapphosting.googleapis.com [none]
[debug] [2026-02-19T23:47:35.463Z] >>> [apiv2][(partial)header] GET https://serviceusage.googleapis.com/v1/projects/kpopvoting/services/firebaseapphosting.googleapis.com  x-goog-user-project=kpopvoting
[debug] [2026-02-19T23:47:35.465Z] >>> [apiv2][query] GET https://serviceusage.googleapis.com/v1/projects/kpopvoting/services/firebaseio.com [none]
[debug] [2026-02-19T23:47:35.465Z] >>> [apiv2][(partial)header] GET https://serviceusage.googleapis.com/v1/projects/kpopvoting/services/firebaseio.com  x-goog-user-project=kpopvoting
[debug] [2026-02-19T23:47:36.436Z] <<< [apiv2][status] GET https://serviceusage.googleapis.com/v1/projects/kpopvoting/services/firebasedataconnect.googleapis.com 200
[debug] [2026-02-19T23:47:36.438Z] <<< [apiv2][body] GET https://serviceusage.googleapis.com/v1/projects/kpopvoting/services/firebasedataconnect.googleapis.com [omitted]
[debug] [2026-02-19T23:47:36.451Z] <<< [apiv2][status] GET https://serviceusage.googleapis.com/v1/projects/kpopvoting/services/cloudfunctions.googleapis.com 200
[debug] [2026-02-19T23:47:36.451Z] <<< [apiv2][body] GET https://serviceusage.googleapis.com/v1/projects/kpopvoting/services/cloudfunctions.googleapis.com [omitted]
[debug] [2026-02-19T23:47:36.452Z] <<< [apiv2][status] GET https://serviceusage.googleapis.com/v1/projects/kpopvoting/services/firebaseapphosting.googleapis.com 200
[debug] [2026-02-19T23:47:36.452Z] <<< [apiv2][body] GET https://serviceusage.googleapis.com/v1/projects/kpopvoting/services/firebaseapphosting.googleapis.com [omitted]
[debug] [2026-02-19T23:47:36.481Z] <<< [apiv2][status] GET https://serviceusage.googleapis.com/v1/projects/kpopvoting/services/firestore.googleapis.com 200
[debug] [2026-02-19T23:47:36.481Z] <<< [apiv2][body] GET https://serviceusage.googleapis.com/v1/projects/kpopvoting/services/firestore.googleapis.com [omitted]
[debug] [2026-02-19T23:47:36.521Z] <<< [apiv2][status] GET https://serviceusage.googleapis.com/v1/projects/kpopvoting/services/cloudfunctions.googleapis.com 200
[debug] [2026-02-19T23:47:36.521Z] <<< [apiv2][body] GET https://serviceusage.googleapis.com/v1/projects/kpopvoting/services/cloudfunctions.googleapis.com [omitted]
[debug] [2026-02-19T23:47:36.529Z] <<< [apiv2][status] GET https://serviceusage.googleapis.com/v1/projects/kpopvoting/services/firebasedataconnect.googleapis.com 200
[debug] [2026-02-19T23:47:36.529Z] <<< [apiv2][body] GET https://serviceusage.googleapis.com/v1/projects/kpopvoting/services/firebasedataconnect.googleapis.com [omitted]
[debug] [2026-02-19T23:47:36.533Z] <<< [apiv2][status] GET https://serviceusage.googleapis.com/v1/projects/kpopvoting/services/firebaseio.com 403
[debug] [2026-02-19T23:47:36.533Z] <<< [apiv2][body] GET https://serviceusage.googleapis.com/v1/projects/kpopvoting/services/firebaseio.com [omitted]
[debug] [2026-02-19T23:47:36.551Z] <<< [apiv2][status] GET https://serviceusage.googleapis.com/v1/projects/kpopvoting/services/firebaseapphosting.googleapis.com 200
[debug] [2026-02-19T23:47:36.551Z] <<< [apiv2][body] GET https://serviceusage.googleapis.com/v1/projects/kpopvoting/services/firebaseapphosting.googleapis.com [omitted]
[debug] [2026-02-19T23:47:36.688Z] <<< [apiv2][status] GET https://serviceusage.googleapis.com/v1/projects/kpopvoting/services/firestore.googleapis.com 200
[debug] [2026-02-19T23:47:36.688Z] <<< [apiv2][body] GET https://serviceusage.googleapis.com/v1/projects/kpopvoting/services/firestore.googleapis.com [omitted]
[debug] [2026-02-19T23:47:36.703Z] <<< [apiv2][status] GET https://serviceusage.googleapis.com/v1/projects/kpopvoting/services/firebaseio.com 403
[debug] [2026-02-19T23:47:36.703Z] <<< [apiv2][body] GET https://serviceusage.googleapis.com/v1/projects/kpopvoting/services/firebaseio.com [omitted]
[error] Failed to fetch Firebase Project from Studio Workspace because WORKSPACE_SLUG environment variable is empty
[error] Failed to fetch Firebase Project from Studio Workspace because WORKSPACE_SLUG environment variable is empty
[error] Failed to fetch Firebase Project from Studio Workspace because WORKSPACE_SLUG environment variable is empty
[debug] [2026-02-19T23:47:36.713Z] > command requires scopes: ["email","openid","https://www.googleapis.com/auth/cloudplatformprojects.readonly","https://www.googleapis.com/auth/firebase","https://www.googleapis.com/auth/cloud-platform","https://www.googleapis.com/auth/userinfo.email"]
[debug] [2026-02-19T23:47:36.714Z] > authorizing via signed-in user (lhycpa77@gmail.com)
[debug] [2026-02-19T23:47:36.714Z] Checked if tokens are valid: true, expires at: 1771548381886
[debug] [2026-02-19T23:47:36.714Z] Checked if tokens are valid: true, expires at: 1771548381886
[debug] [2026-02-19T23:47:36.714Z] >>> [apiv2][query] GET https://cloudbilling.googleapis.com/v1/projects/kpopvoting/billingInfo [none]
[debug] [2026-02-19T23:47:37.115Z] <<< [apiv2][status] GET https://cloudbilling.googleapis.com/v1/projects/kpopvoting/billingInfo 200
[debug] [2026-02-19T23:47:37.115Z] <<< [apiv2][body] GET https://cloudbilling.googleapis.com/v1/projects/kpopvoting/billingInfo {"name":"projects/kpopvoting/billingInfo","projectId":"kpopvoting","billingAccountName":"","billingEnabled":false}
[error] Failed to fetch Firebase Project from Studio Workspace because WORKSPACE_SLUG environment variable is empty
[debug] [2026-02-19T23:47:37.122Z] > command requires scopes: ["email","openid","https://www.googleapis.com/auth/cloudplatformprojects.readonly","https://www.googleapis.com/auth/firebase","https://www.googleapis.com/auth/cloud-platform","https://www.googleapis.com/auth/userinfo.email"]
[debug] [2026-02-19T23:47:37.122Z] > authorizing via signed-in user (lhycpa77@gmail.com)
[error] Failed to fetch Firebase Project from Studio Workspace because WORKSPACE_SLUG environment variable is empty
[error] Failed to fetch Firebase Project from Studio Workspace because WORKSPACE_SLUG environment variable is empty
[error] Failed to fetch Firebase Project from Studio Workspace because WORKSPACE_SLUG environment variable is empty
[error] Failed to fetch Firebase Project from Studio Workspace because WORKSPACE_SLUG environment variable is empty
[debug] [2026-02-19T23:47:37.169Z] > command requires scopes: ["email","openid","https://www.googleapis.com/auth/cloudplatformprojects.readonly","https://www.googleapis.com/auth/firebase","https://www.googleapis.com/auth/cloud-platform","https://www.googleapis.com/auth/userinfo.email"]
[debug] [2026-02-19T23:47:37.169Z] > authorizing via signed-in user (lhycpa77@gmail.com)
[debug] [2026-02-19T23:47:37.169Z] Checked if tokens are valid: true, expires at: 1771548381886
[debug] [2026-02-19T23:47:37.169Z] Checked if tokens are valid: true, expires at: 1771548381886
[debug] [2026-02-19T23:47:37.170Z] >>> [apiv2][query] GET https://cloudbilling.googleapis.com/v1/projects/kpopvoting/billingInfo [none]
[error] Failed to fetch Firebase Project from Studio Workspace because WORKSPACE_SLUG environment variable is empty
[error] Failed to fetch Firebase Project from Studio Workspace because WORKSPACE_SLUG environment variable is empty
[debug] [2026-02-19T23:47:37.192Z] > command requires scopes: ["email","openid","https://www.googleapis.com/auth/cloudplatformprojects.readonly","https://www.googleapis.com/auth/firebase","https://www.googleapis.com/auth/cloud-platform","https://www.googleapis.com/auth/userinfo.email"]
[debug] [2026-02-19T23:47:37.193Z] > authorizing via signed-in user (lhycpa77@gmail.com)
[debug] [2026-02-19T23:47:37.193Z] Checked if tokens are valid: true, expires at: 1771548381886
[debug] [2026-02-19T23:47:37.193Z] Checked if tokens are valid: true, expires at: 1771548381886
[debug] [2026-02-19T23:47:37.194Z] >>> [apiv2][query] GET https://cloudbilling.googleapis.com/v1/projects/kpopvoting/billingInfo [none]
[debug] [2026-02-19T23:47:37.605Z] <<< [apiv2][status] GET https://cloudbilling.googleapis.com/v1/projects/kpopvoting/billingInfo 200
[debug] [2026-02-19T23:47:37.606Z] <<< [apiv2][body] GET https://cloudbilling.googleapis.com/v1/projects/kpopvoting/billingInfo {"name":"projects/kpopvoting/billingInfo","projectId":"kpopvoting","billingAccountName":"","billingEnabled":false}
[error] Failed to fetch Firebase Project from Studio Workspace because WORKSPACE_SLUG environment variable is empty
[debug] [2026-02-19T23:47:37.608Z] > command requires scopes: ["email","openid","https://www.googleapis.com/auth/cloudplatformprojects.readonly","https://www.googleapis.com/auth/firebase","https://www.googleapis.com/auth/cloud-platform","https://www.googleapis.com/auth/userinfo.email"]
[debug] [2026-02-19T23:47:37.609Z] > authorizing via signed-in user (lhycpa77@gmail.com)
[debug] [2026-02-19T23:47:38.212Z] <<< [apiv2][status] GET https://cloudbilling.googleapis.com/v1/projects/kpopvoting/billingInfo 200
[debug] [2026-02-19T23:47:38.212Z] <<< [apiv2][body] GET https://cloudbilling.googleapis.com/v1/projects/kpopvoting/billingInfo {"name":"projects/kpopvoting/billingInfo","projectId":"kpopvoting","billingAccountName":"","billingEnabled":false}
[error] Failed to fetch Firebase Project from Studio Workspace because WORKSPACE_SLUG environment variable is empty
[debug] [2026-02-19T23:47:38.215Z] > command requires scopes: ["email","openid","https://www.googleapis.com/auth/cloudplatformprojects.readonly","https://www.googleapis.com/auth/firebase","https://www.googleapis.com/auth/cloud-platform","https://www.googleapis.com/auth/userinfo.email"]
[debug] [2026-02-19T23:47:38.215Z] > authorizing via signed-in user (lhycpa77@gmail.com)
